  employee.cpp
  main.cpp
D:\Users\Administrator\Documents\GitHub\EmployeesDIR-Qt\EmployeesDIR-Core\main.h(26,21): warning C4018: “<”: 有符号/无符号不匹配
D:\Users\Administrator\Documents\GitHub\EmployeesDIR-Qt\EmployeesDIR-Core\main.h(28,15): warning C4477: “fscanf”: 格式字符串“%s”需要类型“char *”的参数，但可变参数 1 拥有了类型“_Ty”
          with
          [
              _Ty=Employee
          ]
D:\Users\Administrator\Documents\GitHub\EmployeesDIR-Qt\EmployeesDIR-Core\main.h(20,12): warning C4996: 'fopen': This function or variable may be unsafe. Consider using fopen_s instead. To disable deprecation, use _CRT_SECURE_NO_WARNINGS. See online help for details.
D:\Users\Administrator\Documents\GitHub\EmployeesDIR-Qt\EmployeesDIR-Core\main.h(28,4): warning C4996: 'fscanf': This function or variable may be unsafe. Consider using fscanf_s instead. To disable deprecation, use _CRT_SECURE_NO_WARNINGS. See online help for details.
D:\Users\Administrator\Documents\GitHub\EmployeesDIR-Qt\EmployeesDIR-Core\main.h(44,21): warning C4018: “<”: 有符号/无符号不匹配
D:\Users\Administrator\Documents\GitHub\EmployeesDIR-Qt\EmployeesDIR-Core\main.h(46,16): warning C4477: “fprintf”: 格式字符串“%s”需要类型“char *”的参数，但可变参数 1 拥有了类型“_Ty”
          with
          [
              _Ty=Employee
          ]
D:\Users\Administrator\Documents\GitHub\EmployeesDIR-Qt\EmployeesDIR-Core\main.h(38,12): warning C4996: 'fopen': This function or variable may be unsafe. Consider using fopen_s instead. To disable deprecation, use _CRT_SECURE_NO_WARNINGS. See online help for details.
D:\Users\Administrator\Documents\GitHub\EmployeesDIR-Qt\EmployeesDIR-Core\main.cpp(47,22): warning C4018: “<”: 有符号/无符号不匹配
D:\Users\Administrator\Documents\GitHub\EmployeesDIR-Qt\EmployeesDIR-Core\main.cpp(49,12): warning C4477: “printf”: 格式字符串“%s”需要类型“char *”的参数，但可变参数 1 拥有了类型“std::vector<std::string,std::allocator<std::string>>”
D:\Users\Administrator\Documents\GitHub\EmployeesDIR-Qt\EmployeesDIR-Core\main.cpp(59,4): warning C4996: 'scanf': This function or variable may be unsafe. Consider using scanf_s instead. To disable deprecation, use _CRT_SECURE_NO_WARNINGS. See online help for details.
  正在生成代码...
  EmployeesCORE.vcxproj -> D:\Users\Administrator\Documents\GitHub\EmployeesDIR-Qt\EmployeesDIR-Core\Debug\EmployeesCORE.dll
