  reg.cpp
D:\Users\Administrator\Documents\GitHub\EmployeesDIR-Qt\EmployeesDIR-Core\EmployeesDLL\reg.cpp(9,34): error C2065: “Employee”: 未声明的标识符
D:\Users\Administrator\Documents\GitHub\EmployeesDIR-Qt\EmployeesDIR-Core\EmployeesDLL\reg.cpp(9,27): error C2923: “std::vector”: 对于参数“_Ty”，“Employee”不是有效的 模板 类型变量
D:\Users\Administrator\Documents\GitHub\EmployeesDIR-Qt\EmployeesDIR-Core\EmployeesDLL\reg.cpp(9): message : 参见“Employee”的声明
D:\Users\Administrator\Documents\GitHub\EmployeesDIR-Qt\EmployeesDIR-Core\EmployeesDLL\reg.cpp(9,27): error C2976: “std::vector”: 模板 参数太少
G:\code\Microsoft Visual Studio\2019\Community\VC\Tools\MSVC\14.29.30133\include\vector(443): message : 参见“std::vector”的声明
D:\Users\Administrator\Documents\GitHub\EmployeesDIR-Qt\EmployeesDIR-Core\EmployeesDLL\reg.cpp(18,38): error C2662: “allocator_traits<allocator_traits<_Alloc>::rebind_alloc<_Ty>>::size_type std::vector<_Ty,_Alloc>::size(void) noexcept const”: 不能将“this”指针从“std::vector”转换为“const std::vector<_Ty,_Alloc> &”
D:\Users\Administrator\Documents\GitHub\EmployeesDIR-Qt\EmployeesDIR-Core\EmployeesDLL\reg.cpp(18,38): message : 原因如下: 无法从“std::vector”转换为“const std::vector<_Ty,_Alloc>”
D:\Users\Administrator\Documents\GitHub\EmployeesDIR-Qt\EmployeesDIR-Core\EmployeesDLL\reg.cpp(18,23): message : 转换要求第二个用户定义的转换运算符或构造函数
G:\code\Microsoft Visual Studio\2019\Community\VC\Tools\MSVC\14.29.30133\include\vector(1547,49): message : 参见“std::vector<_Ty,_Alloc>::size”的声明
D:\Users\Administrator\Documents\GitHub\EmployeesDIR-Qt\EmployeesDIR-Core\EmployeesDLL\reg.cpp(20,32): error C2678: 二进制“[”: 没有找到接受“std::vector”类型的左操作数的运算符(或没有可接受的转换)
G:\code\Microsoft Visual Studio\2019\Community\VC\Tools\MSVC\14.29.30133\include\vector(1572,50): message : 可能是“const _Ty &std::vector<_Ty,_Alloc>::operator [](const allocator_traits<allocator_traits<_Alloc>::rebind_alloc<_Ty>>::size_type) noexcept const”
G:\code\Microsoft Visual Studio\2019\Community\VC\Tools\MSVC\14.29.30133\include\vector(1562,44): message : 或    “_Ty &std::vector<_Ty,_Alloc>::operator [](const allocator_traits<allocator_traits<_Alloc>::rebind_alloc<_Ty>>::size_type) noexcept”
D:\Users\Administrator\Documents\GitHub\EmployeesDIR-Qt\EmployeesDIR-Core\EmployeesDLL\reg.cpp(20,32): message : 尝试匹配参数列表“(std::vector, int)”时
D:\Users\Administrator\Documents\GitHub\EmployeesDIR-Qt\EmployeesDIR-Core\EmployeesDLL\reg.cpp(20,15): warning C4473: “fscanf”: 没有为格式字符串传递足够的参数
D:\Users\Administrator\Documents\GitHub\EmployeesDIR-Qt\EmployeesDIR-Core\EmployeesDLL\reg.cpp(20,15): message : 占位符和其参数预计 1 可变参数，但提供的却是 0 参数
D:\Users\Administrator\Documents\GitHub\EmployeesDIR-Qt\EmployeesDIR-Core\EmployeesDLL\reg.cpp(20,15): message : 缺失的可变参数 1 为格式字符串“%s”所需
D:\Users\Administrator\Documents\GitHub\EmployeesDIR-Qt\EmployeesDIR-Core\EmployeesDLL\reg.cpp(12,12): error C4996: 'fopen': This function or variable may be unsafe. Consider using fopen_s instead. To disable deprecation, use _CRT_SECURE_NO_WARNINGS. See online help for details.
D:\Users\Administrator\Documents\GitHub\EmployeesDIR-Qt\EmployeesDIR-Core\EmployeesDLL\reg.cpp(20,4): error C4996: 'fscanf': This function or variable may be unsafe. Consider using fscanf_s instead. To disable deprecation, use _CRT_SECURE_NO_WARNINGS. See online help for details.
D:\Users\Administrator\Documents\GitHub\EmployeesDIR-Qt\EmployeesDIR-Core\EmployeesDLL\reg.cpp(27,34): error C2065: “Employee”: 未声明的标识符
D:\Users\Administrator\Documents\GitHub\EmployeesDIR-Qt\EmployeesDIR-Core\EmployeesDLL\reg.cpp(27,27): error C2923: “std::vector”: 对于参数“_Ty”，“Employee”不是有效的 模板 类型变量
D:\Users\Administrator\Documents\GitHub\EmployeesDIR-Qt\EmployeesDIR-Core\EmployeesDLL\reg.cpp(27): message : 参见“Employee”的声明
D:\Users\Administrator\Documents\GitHub\EmployeesDIR-Qt\EmployeesDIR-Core\EmployeesDLL\reg.cpp(27,27): error C2976: “std::vector”: 模板 参数太少
G:\code\Microsoft Visual Studio\2019\Community\VC\Tools\MSVC\14.29.30133\include\vector(443): message : 参见“std::vector”的声明
D:\Users\Administrator\Documents\GitHub\EmployeesDIR-Qt\EmployeesDIR-Core\EmployeesDLL\reg.cpp(36,38): error C2662: “allocator_traits<allocator_traits<_Alloc>::rebind_alloc<_Ty>>::size_type std::vector<_Ty,_Alloc>::size(void) noexcept const”: 不能将“this”指针从“std::vector”转换为“const std::vector<_Ty,_Alloc> &”
D:\Users\Administrator\Documents\GitHub\EmployeesDIR-Qt\EmployeesDIR-Core\EmployeesDLL\reg.cpp(36,38): message : 原因如下: 无法从“std::vector”转换为“const std::vector<_Ty,_Alloc>”
D:\Users\Administrator\Documents\GitHub\EmployeesDIR-Qt\EmployeesDIR-Core\EmployeesDLL\reg.cpp(36,23): message : 转换要求第二个用户定义的转换运算符或构造函数
G:\code\Microsoft Visual Studio\2019\Community\VC\Tools\MSVC\14.29.30133\include\vector(1547,49): message : 参见“std::vector<_Ty,_Alloc>::size”的声明
D:\Users\Administrator\Documents\GitHub\EmployeesDIR-Qt\EmployeesDIR-Core\EmployeesDLL\reg.cpp(38,33): error C2678: 二进制“[”: 没有找到接受“std::vector”类型的左操作数的运算符(或没有可接受的转换)
G:\code\Microsoft Visual Studio\2019\Community\VC\Tools\MSVC\14.29.30133\include\vector(1572,50): message : 可能是“const _Ty &std::vector<_Ty,_Alloc>::operator [](const allocator_traits<allocator_traits<_Alloc>::rebind_alloc<_Ty>>::size_type) noexcept const”
G:\code\Microsoft Visual Studio\2019\Community\VC\Tools\MSVC\14.29.30133\include\vector(1562,44): message : 或    “_Ty &std::vector<_Ty,_Alloc>::operator [](const allocator_traits<allocator_traits<_Alloc>::rebind_alloc<_Ty>>::size_type) noexcept”
D:\Users\Administrator\Documents\GitHub\EmployeesDIR-Qt\EmployeesDIR-Core\EmployeesDLL\reg.cpp(38,33): message : 尝试匹配参数列表“(std::vector, int)”时
D:\Users\Administrator\Documents\GitHub\EmployeesDIR-Qt\EmployeesDIR-Core\EmployeesDLL\reg.cpp(38,16): warning C4473: “fprintf”: 没有为格式字符串传递足够的参数
D:\Users\Administrator\Documents\GitHub\EmployeesDIR-Qt\EmployeesDIR-Core\EmployeesDLL\reg.cpp(38,16): message : 占位符和其参数预计 1 可变参数，但提供的却是 0 参数
D:\Users\Administrator\Documents\GitHub\EmployeesDIR-Qt\EmployeesDIR-Core\EmployeesDLL\reg.cpp(38,16): message : 缺失的可变参数 1 为格式字符串“%s”所需
D:\Users\Administrator\Documents\GitHub\EmployeesDIR-Qt\EmployeesDIR-Core\EmployeesDLL\reg.cpp(30,12): error C4996: 'fopen': This function or variable may be unsafe. Consider using fopen_s instead. To disable deprecation, use _CRT_SECURE_NO_WARNINGS. See online help for details.
D:\Users\Administrator\Documents\GitHub\EmployeesDIR-Qt\EmployeesDIR-Core\EmployeesDLL\reg.cpp(45,1): error C2653: “Employee”: 不是类或命名空间名称
D:\Users\Administrator\Documents\GitHub\EmployeesDIR-Qt\EmployeesDIR-Core\EmployeesDLL\reg.cpp(46,1): error C4430: 缺少类型说明符 - 假定为 int。注意: C++ 不支持默认 int
D:\Users\Administrator\Documents\GitHub\EmployeesDIR-Qt\EmployeesDIR-Core\EmployeesDLL\reg.cpp(47,1): warning C4508: “Employee”: 函数应返回一个值；假定“void”返回类型
D:\Users\Administrator\Documents\GitHub\EmployeesDIR-Qt\EmployeesDIR-Core\EmployeesDLL\reg.cpp(49,1): error C2653: “Employee”: 不是类或命名空间名称
D:\Users\Administrator\Documents\GitHub\EmployeesDIR-Qt\EmployeesDIR-Core\EmployeesDLL\reg.cpp(50,1): error C4430: 缺少类型说明符 - 假定为 int。注意: C++ 不支持默认 int
D:\Users\Administrator\Documents\GitHub\EmployeesDIR-Qt\EmployeesDIR-Core\EmployeesDLL\reg.cpp(52,2): error C3861: “setInfo”: 找不到标识符
D:\Users\Administrator\Documents\GitHub\EmployeesDIR-Qt\EmployeesDIR-Core\EmployeesDLL\reg.cpp(53,1): warning C4508: “Employee”: 函数应返回一个值；假定“void”返回类型
D:\Users\Administrator\Documents\GitHub\EmployeesDIR-Qt\EmployeesDIR-Core\EmployeesDLL\reg.cpp(55,1): error C2653: “Employee”: 不是类或命名空间名称
D:\Users\Administrator\Documents\GitHub\EmployeesDIR-Qt\EmployeesDIR-Core\EmployeesDLL\reg.cpp(55,12): error C2523: “<未知>::~Employee”: 析构函数 标记不匹配
D:\Users\Administrator\Documents\GitHub\EmployeesDIR-Qt\EmployeesDIR-Core\EmployeesDLL\reg.cpp(56,1): error C4430: 缺少类型说明符 - 假定为 int。注意: C++ 不支持默认 int
D:\Users\Administrator\Documents\GitHub\EmployeesDIR-Qt\EmployeesDIR-Core\EmployeesDLL\reg.cpp(55,20): error C2084: 函数“int Employee(void)”已有主体
D:\Users\Administrator\Documents\GitHub\EmployeesDIR-Qt\EmployeesDIR-Core\EmployeesDLL\reg.cpp(45): message : 参见“Employee”的前一个定义
D:\Users\Administrator\Documents\GitHub\EmployeesDIR-Qt\EmployeesDIR-Core\EmployeesDLL\reg.cpp(59,16): error C2653: “Employee”: 不是类或命名空间名称
D:\Users\Administrator\Documents\GitHub\EmployeesDIR-Qt\EmployeesDIR-Core\EmployeesDLL\reg.cpp(61,25): error C2065: “name”: 未声明的标识符
D:\Users\Administrator\Documents\GitHub\EmployeesDIR-Qt\EmployeesDIR-Core\EmployeesDLL\reg.cpp(61,30): error C2065: “sex”: 未声明的标识符
D:\Users\Administrator\Documents\GitHub\EmployeesDIR-Qt\EmployeesDIR-Core\EmployeesDLL\reg.cpp(61,34): error C2065: “number”: 未声明的标识符
D:\Users\Administrator\Documents\GitHub\EmployeesDIR-Qt\EmployeesDIR-Core\EmployeesDLL\reg.cpp(61,41): error C2065: “comment”: 未声明的标识符
D:\Users\Administrator\Documents\GitHub\EmployeesDIR-Qt\EmployeesDIR-Core\EmployeesDLL\reg.cpp(61,49): error C2065: “email”: 未声明的标识符
D:\Users\Administrator\Documents\GitHub\EmployeesDIR-Qt\EmployeesDIR-Core\EmployeesDLL\reg.cpp(61,55): error C2065: “edu”: 未声明的标识符
D:\Users\Administrator\Documents\GitHub\EmployeesDIR-Qt\EmployeesDIR-Core\EmployeesDLL\reg.cpp(61,59): error C2065: “salary”: 未声明的标识符
D:\Users\Administrator\Documents\GitHub\EmployeesDIR-Qt\EmployeesDIR-Core\EmployeesDLL\reg.cpp(65,6): error C2653: “Employee”: 不是类或命名空间名称
D:\Users\Administrator\Documents\GitHub\EmployeesDIR-Qt\EmployeesDIR-Core\EmployeesDLL\reg.cpp(67,2): error C2355: “this”: 只能在非静态成员函数或非静态数据成员初始值设定项的内部引用
D:\Users\Administrator\Documents\GitHub\EmployeesDIR-Qt\EmployeesDIR-Core\EmployeesDLL\reg.cpp(68,2): error C2355: “this”: 只能在非静态成员函数或非静态数据成员初始值设定项的内部引用
D:\Users\Administrator\Documents\GitHub\EmployeesDIR-Qt\EmployeesDIR-Core\EmployeesDLL\reg.cpp(69,2): error C2355: “this”: 只能在非静态成员函数或非静态数据成员初始值设定项的内部引用
D:\Users\Administrator\Documents\GitHub\EmployeesDIR-Qt\EmployeesDIR-Core\EmployeesDLL\reg.cpp(70,2): error C2355: “this”: 只能在非静态成员函数或非静态数据成员初始值设定项的内部引用
D:\Users\Administrator\Documents\GitHub\EmployeesDIR-Qt\EmployeesDIR-Core\EmployeesDLL\reg.cpp(71,2): error C2355: “this”: 只能在非静态成员函数或非静态数据成员初始值设定项的内部引用
D:\Users\Administrator\Documents\GitHub\EmployeesDIR-Qt\EmployeesDIR-Core\EmployeesDLL\reg.cpp(72,2): error C2355: “this”: 只能在非静态成员函数或非静态数据成员初始值设定项的内部引用
D:\Users\Administrator\Documents\GitHub\EmployeesDIR-Qt\EmployeesDIR-Core\EmployeesDLL\reg.cpp(73,2): error C2355: “this”: 只能在非静态成员函数或非静态数据成员初始值设定项的内部引用
